c:\users\luyfe\source\repos\estudo_aula_01\sockets\debug\vc143.pdb
c:\users\luyfe\source\repos\estudo_aula_01\sockets\debug\.netframework,version=v4.8.1.assemblyattributes.obj
c:\users\luyfe\source\repos\estudo_aula_01\sockets\debug\myform.obj
c:\users\luyfe\source\repos\estudo_aula_01\sockets\debug\frmsetuser.obj
c:\users\luyfe\source\repos\estudo_aula_01\sockets\debug\frmsethost.obj
c:\users\luyfe\source\repos\estudo_aula_01\sockets\debug\frmlistuser.obj
c:\users\luyfe\source\repos\estudo_aula_01\sockets\debug\dbfunctions.obj
c:\users\luyfe\source\repos\estudo_aula_01\debug\sockets.exe
c:\users\luyfe\source\repos\estudo_aula_01\debug\sockets.pdb
c:\users\luyfe\source\repos\estudo_aula_01\sockets\debug\sockets.tlog\cl.command.1.tlog
c:\users\luyfe\source\repos\estudo_aula_01\sockets\debug\sockets.tlog\cl.items.tlog
c:\users\luyfe\source\repos\estudo_aula_01\sockets\debug\sockets.tlog\cl.read.1.tlog
c:\users\luyfe\source\repos\estudo_aula_01\sockets\debug\sockets.tlog\cl.write.1.tlog
c:\users\luyfe\source\repos\estudo_aula_01\sockets\debug\sockets.tlog\link.command.1.tlog
c:\users\luyfe\source\repos\estudo_aula_01\sockets\debug\sockets.tlog\link.read.1.tlog
c:\users\luyfe\source\repos\estudo_aula_01\sockets\debug\sockets.tlog\link.secondary.1.tlog
c:\users\luyfe\source\repos\estudo_aula_01\sockets\debug\sockets.tlog\link.write.1.tlog
c:\users\luyfe\source\repos\estudo_aula_01\sockets\debug\sockets.tlog\metagen.read.1.tlog
c:\users\luyfe\source\repos\estudo_aula_01\sockets\debug\sockets.tlog\metagen.write.1.tlog
c:\users\luyfe\source\repos\estudo_aula_01\sockets\debug\sockets.tlog\resgen.command.1.tlog
c:\users\luyfe\source\repos\estudo_aula_01\sockets\debug\sockets.tlog\resgen.read.1.tlog
c:\users\luyfe\source\repos\estudo_aula_01\sockets\debug\sockets.tlog\resgen.write.1.tlog
