c:\users\luyfe\source\repos\estudo_aula_01\sockets\release\vc143.pdb
c:\users\luyfe\source\repos\estudo_aula_01\sockets\release\.netframework,version=v4.8.1.assemblyattributes.obj
c:\users\luyfe\source\repos\estudo_aula_01\sockets\release\myform.obj
c:\users\luyfe\source\repos\estudo_aula_01\sockets\release\frmsetuser.obj
c:\users\luyfe\source\repos\estudo_aula_01\sockets\release\frmsethost.obj
c:\users\luyfe\source\repos\estudo_aula_01\sockets\release\frmlistuser.obj
c:\users\luyfe\source\repos\estudo_aula_01\sockets\release\dbfunctions.obj
c:\users\luyfe\source\repos\estudo_aula_01\release\sockets.exe
c:\users\luyfe\source\repos\estudo_aula_01\sockets\release\sockets.vcxproj.assemblyreference.cache
c:\users\luyfe\source\repos\estudo_aula_01\sockets\release\sockets.vcxproj.generateresource.cache
c:\users\luyfe\source\repos\estudo_aula_01\sockets\release\sockets.frmlistuser.resources
c:\users\luyfe\source\repos\estudo_aula_01\sockets\release\sockets.frmsethost.resources
c:\users\luyfe\source\repos\estudo_aula_01\sockets\release\sockets.frmsetuser.resources
c:\users\luyfe\source\repos\estudo_aula_01\sockets\release\sockets.myform.resources
c:\users\luyfe\source\repos\estudo_aula_01\sockets\release\sockets.tlog\cl.command.1.tlog
c:\users\luyfe\source\repos\estudo_aula_01\sockets\release\sockets.tlog\cl.read.1.tlog
c:\users\luyfe\source\repos\estudo_aula_01\sockets\release\sockets.tlog\cl.write.1.tlog
c:\users\luyfe\source\repos\estudo_aula_01\sockets\release\sockets.tlog\link.command.1.tlog
c:\users\luyfe\source\repos\estudo_aula_01\sockets\release\sockets.tlog\link.read.1.tlog
c:\users\luyfe\source\repos\estudo_aula_01\sockets\release\sockets.tlog\link.write.1.tlog
c:\users\luyfe\source\repos\estudo_aula_01\sockets\release\sockets.tlog\metagen.read.1.tlog
c:\users\luyfe\source\repos\estudo_aula_01\sockets\release\sockets.tlog\metagen.write.1.tlog
c:\users\luyfe\source\repos\estudo_aula_01\sockets\release\sockets.tlog\resgen.command.1.tlog
c:\users\luyfe\source\repos\estudo_aula_01\sockets\release\sockets.tlog\resgen.read.1.tlog
c:\users\luyfe\source\repos\estudo_aula_01\sockets\release\sockets.tlog\resgen.write.1.tlog
